<?xml version="1.0" encoding="UTF-8"?>
<testng-results ignored="0" total="1" passed="1" failed="0" skipped="0">
  <reporter-output>
  </reporter-output>
  <suite started-at="2021-03-11T13:50:49 IST" name="Default suite" finished-at="2021-03-11T13:50:53 IST" duration-ms="3779">
    <groups>
    </groups>
    <test started-at="2021-03-11T13:50:49 IST" name="Default test" finished-at="2021-03-11T13:50:53 IST" duration-ms="3779">
      <class name="FakeRestApi.demoPost">
        <test-method signature="delete()[pri:0, instance:FakeRestApi.demoPost@4229bb3f]" started-at="2021-03-11T13:50:49 IST" name="delete" finished-at="2021-03-11T13:50:53 IST" duration-ms="3547" status="PASS">
          <reporter-output>
          </reporter-output>
        </test-method> <!-- delete -->
      </class> <!-- FakeRestApi.demoPost -->
    </test> <!-- Default test -->
  </suite> <!-- Default suite -->
</testng-results>
