<?xml version="1.0" encoding="UTF-8"?>
<!-- Generated by org.testng.reporters.JUnitXMLReporter -->
<testsuite ignored="0" hostname="HP-PC" failures="0" tests="7" name="Test" time="11.453" errors="0" timestamp="2021-03-08T13:06:21 IST">
  <testcase classname="dataForTest.DataDrivenExample" name="test2" time="4.604"/>
  <testcase classname="dataForTest.DataDrivenExample" name="test2" time="0.587"/>
  <testcase classname="dataForTest.DataDrivenExample" name="test_delete" time="1.432"/>
  <testcase classname="dataForTest.DataDrivenExample" name="test_delete" time="1.79"/>
  <testcase classname="dataForTest.DataDrivenExample" name="test_delete" time="1.006"/>
  <testcase classname="dataForTest.DataDrivenExample" name="test_delete" time="0.746"/>
  <testcase classname="dataForTest.DataDrivenExample" name="test_delete1" time="0.78"/>
</testsuite> <!-- Test -->
